SF:lib\event_form_page.dart
DA:5,1
DA:7,1
DA:9,1
DA:10,1
LF:4
LH:4
end_of_record
SF:lib\event_view_model.dart
DA:9,1
DA:10,3
DA:11,2
DA:12,1
DA:13,1
DA:16,0
DA:17,0
DA:18,0
DA:19,0
DA:22,0
DA:23,0
DA:24,0
DA:26,0
DA:28,0
DA:31,1
DA:32,2
DA:35,0
DA:36,0
DA:37,0
DA:38,0
DA:39,0
DA:40,0
DA:42,0
DA:44,0
DA:46,0
DA:49,0
DA:53,0
DA:55,0
DA:57,0
DA:60,0
DA:64,0
DA:65,0
DA:66,0
DA:67,0
DA:68,0
DA:73,0
DA:74,0
DA:75,0
DA:77,0
DA:78,0
DA:79,0
DA:81,0
DA:83,1
DA:84,3
DA:86,2
DA:87,0
DA:88,3
DA:90,0
DA:91,0
DA:92,0
DA:94,0
DA:95,0
DA:96,0
DA:97,0
DA:98,0
DA:99,0
DA:100,0
DA:101,0
DA:102,0
DA:104,0
DA:105,0
DA:106,0
DA:108,0
LF:63
LH:11
end_of_record
SF:lib\event_form.dart
DA:13,1
DA:15,1
DA:16,1
DA:29,1
DA:30,3
DA:32,1
DA:33,3
DA:35,0
DA:36,0
DA:38,0
DA:39,0
DA:40,0
DA:41,0
DA:42,0
DA:43,0
DA:45,0
DA:46,0
DA:47,0
DA:48,0
DA:49,0
DA:50,0
DA:51,0
DA:52,0
DA:57,0
DA:58,0
DA:59,0
DA:60,0
DA:61,0
DA:65,0
DA:66,0
DA:67,0
DA:68,0
DA:69,0
DA:71,0
DA:72,0
DA:77,0
DA:78,0
DA:79,0
DA:80,0
DA:82,0
DA:83,0
DA:88,1
DA:89,2
DA:90,1
DA:92,2
DA:93,0
DA:98,0
DA:99,0
DA:105,1
DA:106,3
DA:107,1
DA:108,5
DA:109,2
DA:110,1
DA:111,3
DA:112,1
DA:113,3
DA:114,2
DA:118,1
DA:120,1
DA:121,1
DA:122,1
DA:123,1
DA:124,1
DA:126,1
DA:127,1
DA:129,1
DA:130,1
DA:132,1
DA:134,1
DA:137,1
DA:138,7
DA:139,3
DA:141,1
DA:142,7
DA:143,3
DA:145,2
DA:146,1
DA:147,0
DA:149,1
DA:150,1
DA:153,1
DA:154,1
LF:83
LH:45
end_of_record
SF:lib\date_selector.dart
DA:8,0
DA:10,0
DA:11,0
DA:18,0
DA:20,0
DA:21,0
DA:22,0
DA:23,0
DA:26,0
DA:27,0
DA:28,0
DA:29,0
DA:30,0
DA:31,0
DA:33,0
DA:34,0
DA:44,0
DA:46,0
DA:47,0
DA:48,0
DA:49,0
DA:50,0
LF:22
LH:0
end_of_record
SF:lib\event.dart
DA:9,1
DA:11,1
DA:13,9
DA:16,1
DA:17,2
DA:18,2
DA:19,2
DA:20,1
LF:8
LH:8
end_of_record
SF:lib\event_card.dart
DA:11,0
DA:14,0
DA:15,0
DA:16,0
DA:19,0
DA:21,0
DA:23,0
DA:24,0
DA:25,0
DA:26,0
DA:27,0
DA:29,0
DA:30,0
DA:36,0
DA:37,0
DA:38,0
LF:16
LH:0
end_of_record
SF:lib\event_details_view_button.dart
DA:7,0
DA:9,0
DA:11,0
DA:12,0
DA:14,0
LF:5
LH:0
end_of_record
SF:lib\event_details_page.dart
DA:7,0
DA:9,0
DA:11,0
DA:12,0
DA:13,0
LF:5
LH:0
end_of_record
SF:lib\event_details_viewer.dart
DA:7,0
DA:9,0
DA:11,0
DA:12,0
DA:13,0
DA:14,0
DA:15,0
DA:16,0
DA:18,0
LF:9
LH:0
end_of_record
SF:lib\event_form_button.dart
DA:5,0
DA:7,0
DA:9,0
DA:10,0
DA:11,0
LF:5
LH:0
end_of_record
SF:lib\event_viewer.dart
DA:8,0
DA:12,0
DA:14,0
DA:17,0
DA:18,0
DA:20,0
DA:24,0
DA:26,0
DA:27,0
DA:29,0
DA:30,0
DA:31,0
DA:32,0
DA:33,0
DA:34,0
DA:35,0
DA:36,0
LF:17
LH:0
end_of_record
